<?xml version="1.0" encoding="UTF-8"?>
<!-- Generated by org.testng.reporters.JUnitReportReporter -->
<testsuite hostname="DESKTOP-LA4ULS2" failures="0" tests="1" name="testCases.OpenFb" time="28.505" errors="0" timestamp="11 Aug 2020 05:03:47 GMT" skipped="0">
  <testcase classname="testCases.OpenFb" name="OpenFacebook" time="28.505"/>
</testsuite> <!-- testCases.OpenFb -->
